<?xml version="1.0" encoding="UTF-8"?>
<!-- Generated by org.testng.reporters.JUnitReportReporter -->
<testsuite hostname="abhisharma" failures="0" tests="1" name="Pratice1.Test2" time="7.883" errors="0" timestamp="2021-08-16T11:38:24 IST" skipped="0">
  <testcase classname="Pratice1.Test2" name="login" time="7.883"/>
  <system-out/>
</testsuite> <!-- Pratice1.Test2 -->
