<?xml version="1.0" encoding="UTF-8"?>
<!-- Generated by org.testng.reporters.JUnitReportReporter -->
<testsuite hostname="abhisharma" failures="0" tests="3" name="Pratice1.Test1" time="0.012" errors="0" timestamp="2021-08-16T11:38:24 IST" skipped="0">
  <testcase classname="Pratice1.Test1" name="function1" time="0.003"/>
  <system-out/>
  <testcase classname="Pratice1.Test1" name="function3" time="0.002"/>
  <system-out>
    <![CDATA[function 3 printed]]>
  </system-out>
  <testcase classname="Pratice1.Test1" name="function2" time="0.007"/>
  <system-out>
    <![CDATA[function 2 printed]]>
  </system-out>
</testsuite> <!-- Pratice1.Test1 -->
