<?xml version="1.0" encoding="UTF-8"?>
<!-- Generated by org.testng.reporters.JUnitReportReporter -->
<testsuite hostname="abhisharma" failures="0" tests="5" name="Pratice1.Test3" time="0.009" errors="0" timestamp="2021-08-16T11:38:24 IST" skipped="0">
  <testcase classname="Pratice1.Test3" name="cat" time="0.001"/>
  <system-out/>
  <testcase classname="Pratice1.Test3" name="ball" time="0.003"/>
  <system-out/>
  <testcase classname="Pratice1.Test3" name="dog" time="0.001"/>
  <system-out/>
  <testcase classname="Pratice1.Test3" name="tennis" time="0.002"/>
  <system-out/>
  <testcase classname="Pratice1.Test3" name="bat" time="0.002"/>
  <system-out/>
</testsuite> <!-- Pratice1.Test3 -->
